  Source.cpp
c:\users\виталик\source\repos\тетрис\project6\source.cpp(236): error C2144: синтаксическая ошибка: перед "int" требуется ";"
c:\users\виталик\source\repos\тетрис\project6\source.cpp(238): error C2059: синтаксическая ошибка: for
c:\users\виталик\source\repos\тетрис\project6\source.cpp(238): error C2143: синтаксическая ошибка: отсутствие ")" перед ";"
c:\users\виталик\source\repos\тетрис\project6\source.cpp(238): error C2143: синтаксическая ошибка: отсутствие ";" перед "<"
c:\users\виталик\source\repos\тетрис\project6\source.cpp(238): error C4430: отсутствует спецификатор типа - предполагается int. Примечание. C++ не поддерживает int по умолчанию
c:\users\виталик\source\repos\тетрис\project6\source.cpp(238): error C2086: int i: переопределение
  c:\users\виталик\source\repos\тетрис\project6\source.cpp(236): note:  см. объявление "i"
c:\users\виталик\source\repos\тетрис\project6\source.cpp(238): error C2143: синтаксическая ошибка: отсутствие ";" перед "++"
c:\users\виталик\source\repos\тетрис\project6\source.cpp(238): error C2059: синтаксическая ошибка: )
c:\users\виталик\source\repos\тетрис\project6\source.cpp(239): error C2143: синтаксическая ошибка: отсутствие ")" перед ";"
c:\users\виталик\source\repos\тетрис\project6\source.cpp(239): error C2143: синтаксическая ошибка: отсутствие ";" перед "<"
c:\users\виталик\source\repos\тетрис\project6\source.cpp(239): error C4430: отсутствует спецификатор типа - предполагается int. Примечание. C++ не поддерживает int по умолчанию
c:\users\виталик\source\repos\тетрис\project6\source.cpp(239): error C2086: int j: переопределение
  c:\users\виталик\source\repos\тетрис\project6\source.cpp(236): note:  см. объявление "j"
c:\users\виталик\source\repos\тетрис\project6\source.cpp(239): error C2143: синтаксическая ошибка: отсутствие ";" перед "++"
c:\users\виталик\source\repos\тетрис\project6\source.cpp(239): error C2059: синтаксическая ошибка: )
c:\users\виталик\source\repos\тетрис\project6\source.cpp(241): error C4430: отсутствует спецификатор типа - предполагается int. Примечание. C++ не поддерживает int по умолчанию
c:\users\виталик\source\repos\тетрис\project6\source.cpp(241): error C2086: int py: переопределение
  c:\users\виталик\source\repos\тетрис\project6\source.cpp(31): note:  см. объявление "py"
c:\users\виталик\source\repos\тетрис\project6\source.cpp(242): error C4430: отсутствует спецификатор типа - предполагается int. Примечание. C++ не поддерживает int по умолчанию
c:\users\виталик\source\repos\тетрис\project6\source.cpp(242): error C2086: int px: переопределение
  c:\users\виталик\source\repos\тетрис\project6\source.cpp(31): note:  см. объявление "px"
c:\users\виталик\source\repos\тетрис\project6\source.cpp(244): error C4430: отсутствует спецификатор типа - предполагается int. Примечание. C++ не поддерживает int по умолчанию
c:\users\виталик\source\repos\тетрис\project6\source.cpp(244): error C2086: int nextmap: переопределение
  c:\users\виталик\source\repos\тетрис\project6\source.cpp(31): note:  см. объявление "nextmap"
c:\users\виталик\source\repos\тетрис\project6\source.cpp(245): error C4430: отсутствует спецификатор типа - предполагается int. Примечание. C++ не поддерживает int по умолчанию
c:\users\виталик\source\repos\тетрис\project6\source.cpp(245): error C2556: int printnextmap(void): перегруженная функция отличается от "void printnextmap(void)" только возвращаемым типом
  c:\users\виталик\source\repos\тетрис\project6\source.cpp(107): note:  см. объявление "printnextmap"
c:\users\виталик\source\repos\тетрис\project6\source.cpp(245): error C2371: printnextmap: переопределение; различные базовые типы
  c:\users\виталик\source\repos\тетрис\project6\source.cpp(107): note:  см. объявление "printnextmap"
c:\users\виталик\source\repos\тетрис\project6\source.cpp(246): error C2059: синтаксическая ошибка: }
c:\users\виталик\source\repos\тетрис\project6\source.cpp(246): error C2143: синтаксическая ошибка: отсутствие ";" перед "}"
c:\users\виталик\source\repos\тетрис\project6\source.cpp(249): error C2143: синтаксическая ошибка: отсутствие ";" перед "{"
c:\users\виталик\source\repos\тетрис\project6\source.cpp(249): error C2447: {: отсутствует заголовок функции (возможно, используется формальный список старого типа)
c:\users\виталик\source\repos\тетрис\project6\source.cpp(259): error C3861: clearscreen: идентификатор не найден
c:\users\виталик\source\repos\тетрис\project6\source.cpp(269): error C2144: синтаксическая ошибка: перед "int" требуется ";"
c:\users\виталик\source\repos\тетрис\project6\source.cpp(269): error C2086: int i: переопределение
  c:\users\виталик\source\repos\тетрис\project6\source.cpp(236): note:  см. объявление "i"
c:\users\виталик\source\repos\тетрис\project6\source.cpp(269): error C2086: int j: переопределение
  c:\users\виталик\source\repos\тетрис\project6\source.cpp(236): note:  см. объявление "j"
c:\users\виталик\source\repos\тетрис\project6\source.cpp(272): error C4430: отсутствует спецификатор типа - предполагается int. Примечание. C++ не поддерживает int по умолчанию
c:\users\виталик\source\repos\тетрис\project6\source.cpp(272): error C2365: system: переопределение; предыдущим определением было "функция"
  c:\program files (x86)\windows kits\10\include\10.0.17763.0\ucrt\stdlib.h(1218): note:  см. объявление "system"
c:\users\виталик\source\repos\тетрис\project6\source.cpp(273): error C4430: отсутствует спецификатор типа - предполагается int. Примечание. C++ не поддерживает int по умолчанию
c:\users\виталик\source\repos\тетрис\project6\source.cpp(273): error C2086: int px: переопределение
  c:\users\виталик\source\repos\тетрис\project6\source.cpp(31): note:  см. объявление "px"
c:\users\виталик\source\repos\тетрис\project6\source.cpp(274): error C4430: отсутствует спецификатор типа - предполагается int. Примечание. C++ не поддерживает int по умолчанию
c:\users\виталик\source\repos\тетрис\project6\source.cpp(274): error C2086: int py: переопределение
  c:\users\виталик\source\repos\тетрис\project6\source.cpp(31): note:  см. объявление "py"
c:\users\виталик\source\repos\тетрис\project6\source.cpp(275): error C4430: отсутствует спецификатор типа - предполагается int. Примечание. C++ не поддерживает int по умолчанию
c:\users\виталик\source\repos\тетрис\project6\source.cpp(275): error C2086: int score: переопределение
  c:\users\виталик\source\repos\тетрис\project6\source.cpp(31): note:  см. объявление "score"
c:\users\виталик\source\repos\тетрис\project6\source.cpp(277): error C4430: отсутствует спецификатор типа - предполагается int. Примечание. C++ не поддерживает int по умолчанию
c:\users\виталик\source\repos\тетрис\project6\source.cpp(277): error C2371: tm: переопределение; различные базовые типы
  c:\users\виталик\source\repos\тетрис\project6\source.cpp(270): note:  см. объявление "tm"
c:\users\виталик\source\repos\тетрис\project6\source.cpp(279): error C4430: отсутствует спецификатор типа - предполагается int. Примечание. C++ не поддерживает int по умолчанию
c:\users\виталик\source\repos\тетрис\project6\source.cpp(279): error C2086: int nextmap: переопределение
  c:\users\виталик\source\repos\тетрис\project6\source.cpp(31): note:  см. объявление "nextmap"
c:\users\виталик\source\repos\тетрис\project6\source.cpp(280): error C4430: отсутствует спецификатор типа - предполагается int. Примечание. C++ не поддерживает int по умолчанию
c:\users\виталик\source\repos\тетрис\project6\source.cpp(280): error C2556: int createmap(void): перегруженная функция отличается от "void createmap(void)" только возвращаемым типом
  c:\users\виталик\source\repos\тетрис\project6\source.cpp(235): note:  см. объявление "createmap"
c:\users\виталик\source\repos\тетрис\project6\source.cpp(280): error C2371: createmap: переопределение; различные базовые типы
  c:\users\виталик\source\repos\тетрис\project6\source.cpp(235): note:  см. объявление "createmap"
c:\users\виталик\source\repos\тетрис\project6\source.cpp(282): error C2059: синтаксическая ошибка: while
c:\users\виталик\source\repos\тетрис\project6\source.cpp(283): error C2143: синтаксическая ошибка: отсутствие ";" перед "{"
c:\users\виталик\source\repos\тетрис\project6\source.cpp(283): error C2447: {: отсутствует заголовок функции (возможно, используется формальный список старого типа)
c:\users\виталик\source\repos\тетрис\project6\source.cpp(345): error C2059: синтаксическая ошибка: }
c:\users\виталик\source\repos\тетрис\project6\source.cpp(345): error C2143: синтаксическая ошибка: отсутствие ";" перед "}"
c:\users\виталик\source\repos\тетрис\project6\source.cpp(348): error C2143: синтаксическая ошибка: отсутствие ";" перед "{"
c:\users\виталик\source\repos\тетрис\project6\source.cpp(348): error C2447: {: отсутствует заголовок функции (возможно, используется формальный список старого типа)
c:\users\виталик\source\repos\тетрис\project6\source.cpp(430): error C3861: gamemenu: идентификатор не найден
